<?xml version="1.0" encoding="UTF-8"?>
<!-- Generated by org.testng.reporters.JUnitReportReporter -->
<testsuite hostname="DESKTOP-ROFUC2D" failures="0" tests="1" name="ags.tests.AjaxGoogleSearchTest" time="44.264" errors="0" timestamp="2024-02-05T20:40:45 IST" skipped="0">
  <testcase classname="ags.tests.AjaxGoogleSearchTest" name="googleSearch" time="44.264"/>
</testsuite> <!-- ags.tests.AjaxGoogleSearchTest -->
