<?xml version="1.0" encoding="UTF-8"?>
<!-- Generated by org.testng.reporters.JUnitReportReporter -->
<testsuite hostname="DESKTOP-ROFUC2D" failures="0" tests="1" name="ags.tests.AjaxGoogleSearch" time="23.160" errors="0" timestamp="2024-02-05T12:29:29 IST" skipped="0">
  <testcase classname="ags.tests.AjaxGoogleSearch" name="googleSearch" time="23.160"/>
</testsuite> <!-- ags.tests.AjaxGoogleSearch -->
